<?xml version="1.0" encoding="UTF-8"?>
<!-- Generated by org.testng.reporters.JUnitXMLReporter -->
<testsuite ignored="0" hostname="DESKTOP-R4OAK6D" failures="0" tests="6" name="ChromeTest" time="224.586" errors="0" timestamp="2024-03-05T20:57:30 IST">
  <testcase classname="test.TC001_logintest" name="login" time="31.092"/>
  <testcase classname="test.TC001_logintest" name="login" time="30.926"/>
  <testcase classname="test.TC001_logintest" name="login" time="31.012"/>
  <testcase classname="test.TC001_logintest" name="login" time="30.9"/>
  <testcase classname="test.TC002_signintest" name="signin" time="31.478"/>
  <testcase classname="test.TC002_signintest" name="signin" time="30.838"/>
</testsuite> <!-- ChromeTest -->
